{
  "RSpec": {
    "coverage": {
      "/Users/bertz/Projects/bookmark_manager/spec/features/creating_links_spec.rb": [
        1,
        1,
        1,
        1,
        1,
        1,
        1,
        1,
        1,
        1,
        1,
        null,
        null
      ],
      "/Users/bertz/Projects/bookmark_manager/spec/features/viewing_links_spec.rb": [
        1,
        1,
        1,
        1,
        1,
        1,
        1,
        null,
        null,
        null
      ]
    },
    "timestamp": 1493809951
  }
}
